<<<<<<< HEAD
2024-12-19 14:33:36,795 - INFO - Logs cleaned based on the provided keywords and log levels.
2024-12-19 14:33:36,828 - INFO - Exported logs to processed_logs.csv
2024-12-19 14:34:05,936 - INFO - Logs cleaned based on the provided keywords and log levels.
2024-12-19 14:34:05,944 - INFO - Exported logs to processed_logs.csv
=======
2024-12-19 14:28:41,420 - ERROR - Error during log processing: [Errno 2] No such file or directory: 'large_log_file.txt'
<<<<<<< HEAD
2024-12-19 15:03:56,285 - ERROR - Error during log processing: [Errno 2] No such file or directory: 'large_log_file.txt'
=======
>>>>>>> 07cb5c786c02c0c9b3f502f065116769c98ee8b1
>>>>>>> 83daaf80173af357520c2c51690a96c34a0761e8
2024-12-19 15:11:59,302 - INFO - Inserted 5 logs into the database.
2024-12-19 15:11:59,302 - INFO - Logs cleaned based on the provided keywords and log levels.
2024-12-19 15:11:59,302 - INFO - Exported logs to processed_logs.csv
2024-12-19 15:13:09,982 - INFO - Inserted 5 logs into the database.
2024-12-19 15:13:09,982 - INFO - Logs cleaned based on the provided keywords and log levels.
2024-12-19 15:13:09,982 - INFO - Exported logs to processed_logs.csv
<<<<<<< HEAD
2024-12-19 16:11:20,073 - INFO - Inserted 5 logs into the database.
2024-12-19 16:11:20,073 - INFO - Logs cleaned based on the provided keywords and log levels.
2024-12-19 16:11:20,088 - INFO - Exported logs to processed_logs.csv
=======
2024-12-19 15:57:25,008 - INFO - Inserted 5 logs into the database.
2024-12-19 15:57:25,008 - INFO - Logs cleaned based on the provided keywords and log levels.
2024-12-19 15:57:25,012 - INFO - Exported logs to processed_logs.csv
2024-12-19 16:14:24,896 - INFO - Inserted 52 logs into the database.
2024-12-19 16:14:24,896 - INFO - Logs cleaned based on the provided keywords and log levels.
<<<<<<< HEAD
2024-12-19 16:14:24,896 - INFO - Exported logs to processed_logs.csv2024-12-19 17:19:53,888 - INFO - Inserted 52 logs into the database.
2024-12-19 17:19:53,888 - INFO - Logs cleaned based on the provided keywords and log levels.
2024-12-19 17:19:53,900 - INFO - Exported logs to processed_logs.csv
=======
2024-12-19 16:14:24,896 - INFO - Exported logs to processed_logs.csv
>>>>>>> 6c796753340675a2bae5aecc855d502eb3654db5
>>>>>>> f24de748080d31f2fbb0b7756c461b004db53796
